0 silly input [ 'build' ]
1 silly flags { _: [ 'run' ],
1 silly flags   'reject-cycles': false,
1 silly flags   rejectCycles: false,
1 silly flags   script: 'build',
1 silly flags   args: [] }
2 verbose rootPath /Users/shadaj/work/apollo-codegen
3 info version 2.11.0
4 silly existsSync /Users/shadaj/work/apollo-codegen/VERSION
5 silly initialize attempt
6 silly initialize success
7 silly execute attempt
8 silly runScriptInDir build [] apollo-codegen-cli
9 silly getExecOpts { cwd:
9 silly getExecOpts    '/Users/shadaj/work/apollo-codegen/packages/apollo-codegen-cli' }
10 silly runScriptInDir build [] apollo-codegen-core
11 silly getExecOpts { cwd:
11 silly getExecOpts    '/Users/shadaj/work/apollo-codegen/packages/apollo-codegen-core' }
12 error build Errored while running script in 'apollo-codegen-cli'
13 error execute callback with error
14 error Error: Command failed: npm run build
14 error npm ERR! code ELIFECYCLE
14 error npm ERR! errno 2
14 error npm ERR! apollo-codegen-cli@0.1.0 build: `tsc`
14 error npm ERR! Exit status 2
14 error npm ERR!
14 error npm ERR! Failed at the apollo-codegen-cli@0.1.0 build script.
14 error npm ERR! This is probably not a problem with npm. There is likely additional logging output above.
14 error
14 error npm ERR! A complete log of this run can be found in:
14 error npm ERR!     /Users/shadaj/.npm/_logs/2018-06-12T23_56_42_791Z-debug.log
14 error
14 error > apollo-codegen-cli@0.1.0 prebuild /Users/shadaj/work/apollo-codegen/packages/apollo-codegen-cli
14 error > npm run clean
14 error
14 error
14 error > apollo-codegen-cli@0.1.0 clean /Users/shadaj/work/apollo-codegen/packages/apollo-codegen-cli
14 error > rm -rf lib
14 error
14 error
14 error > apollo-codegen-cli@0.1.0 build /Users/shadaj/work/apollo-codegen/packages/apollo-codegen-cli
14 error > tsc
14 error
14 error src/downloadSchema.ts(11,27): error TS2307: Cannot find module 'apollo-codegen-core/lib/errors'.
14 error src/generate.ts(5,78): error TS2307: Cannot find module 'apollo-codegen-core/lib/loading'.
14 error src/generate.ts(7,29): error TS2307: Cannot find module 'apollo-codegen-core/lib/compiler'.
14 error src/generate.ts(8,35): error TS2307: Cannot find module 'apollo-codegen-core/lib/compiler/legacyIR'.
14 error src/generate.ts(9,29): error TS2307: Cannot find module 'apollo-codegen-core/lib/serializeToJSON'.
14 error src/generate.ts(10,36): error TS2307: Cannot find module 'apollo-codegen-core/lib/utilities/CodeGenerator'.
14 error src/generate.ts(11,55): error TS2307: Cannot find module 'apollo-codegen-core/lib/swift'.
14 error src/generate.ts(12,60): error TS2307: Cannot find module 'apollo-codegen-core/lib/typescript'.
14 error src/generate.ts(13,54): error TS2307: Cannot find module 'apollo-codegen-core/lib/flow'.
14 error src/generate.ts(14,60): error TS2307: Cannot find module 'apollo-codegen-core/lib/javascript/flow'.
14 error src/generate.ts(15,66): error TS2307: Cannot find module 'apollo-codegen-core/lib/javascript/typescript'.
14 error src/generate.ts(16,55): error TS2307: Cannot find module 'apollo-codegen-core/lib/scala'.
14 error src/introspectSchema.ts(6,27): error TS2307: Cannot find module 'apollo-codegen-core/lib/errors'.
14 error src/printSchema.ts(5,27): error TS2307: Cannot find module 'apollo-codegen-core/lib/errors'.
14 error src/validation.ts(14,37): error TS2307: Cannot find module 'apollo-codegen-core/lib/errors'.
14 error
14 error     at Promise.all.then.arr (/Users/shadaj/work/apollo-codegen/node_modules/lerna/node_modules/execa/index.js:236:11)
